Reading netlist file: "C:\Users\rffkm\WorkSpace\BF\gowin\DriveStrengthExperiment\impl\gwsynthesis\DriveStrengthExperiment.vg"
Parsing netlist file "C:\Users\rffkm\WorkSpace\BF\gowin\DriveStrengthExperiment\impl\gwsynthesis\DriveStrengthExperiment.vg" completed
Processing netlist completed
Reading constraint file: "C:\Users\rffkm\WorkSpace\BF\gowin\DriveStrengthExperiment\src\DriveStrength.cst"
Physical Constraint parsed completed
Running placement......
[10%] Placement Phase 0 completed
[20%] Placement Phase 1 completed
[30%] Placement Phase 2 completed
[50%] Placement Phase 3 completed
Running routing......
[60%] Routing Phase 0 completed
[70%] Routing Phase 1 completed
[80%] Routing Phase 2 completed
[90%] Routing Phase 3 completed
Running timing analysis......
[95%] Timing analysis completed
Placement and routing completed
Bitstream generation in progress......
Bitstream generation completed
Running power analysis......
[100%] Power analysis completed
Generate file "C:\Users\rffkm\WorkSpace\BF\gowin\DriveStrengthExperiment\impl\pnr\DriveStrengthExperiment.power.html" completed
Generate file "C:\Users\rffkm\WorkSpace\BF\gowin\DriveStrengthExperiment\impl\pnr\DriveStrengthExperiment.pin.html" completed
Generate file "C:\Users\rffkm\WorkSpace\BF\gowin\DriveStrengthExperiment\impl\pnr\DriveStrengthExperiment.rpt.html" completed
Generate file "C:\Users\rffkm\WorkSpace\BF\gowin\DriveStrengthExperiment\impl\pnr\DriveStrengthExperiment.rpt.txt" completed
Generate file "C:\Users\rffkm\WorkSpace\BF\gowin\DriveStrengthExperiment\impl\pnr\DriveStrengthExperiment.tr.html" completed
Wed Aug  7 18:27:06 2024

